# JRE version: OpenJDK Runtime Environment (11.0.12+7) (build 11.0.12+7-b1504.28-7817840)
# Java VM: OpenJDK 64-Bit Server VM (11.0.12+7-b1504.28-7817840, mixed mode, tiered, compressed oops, g1 gc, windows-amd64)
Heap:
 garbage-first heap   total 202752K, used 120410K [0x0000000080000000, 0x0000000100000000)
  region size 1024K, 14 young (14336K), 2 survivors (2048K)
 Metaspace       used 90173K, capacity 92538K, committed 92800K, reserved 1130496K
  class space    used 11732K, capacity 12582K, committed 12672K, reserved 1048576K
GC Heap History (20 events):
Event: 14.781 GC heap before
{Heap before GC invocations=40 (full 0):
 garbage-first heap   total 138240K, used 103078K [0x0000000080000000, 0x0000000100000000)
  region size 1024K, 28 young (28672K), 3 survivors (3072K)
 Metaspace       used 61674K, capacity 63377K, committed 63616K, reserved 1103872K
  class space    used 7933K, capacity 8511K, committed 8576K, reserved 1048576K
}
Event: 14.786 GC heap after
{Heap after GC invocations=41 (full 0):
 garbage-first heap   total 168960K, used 77853K [0x0000000080000000, 0x0000000100000000)
  region size 1024K, 3 young (3072K), 3 survivors (3072K)
 Metaspace       used 61674K, capacity 63377K, committed 63616K, reserved 1103872K
  class space    used 7933K, capacity 8511K, committed 8576K, reserved 1048576K
}
Event: 15.825 GC heap before
{Heap before GC invocations=42 (full 0):
 garbage-first heap   total 168960K, used 121885K [0x0000000080000000, 0x0000000100000000)
  region size 1024K, 47 young (48128K), 3 survivors (3072K)
 Metaspace       used 68502K, capacity 70205K, committed 70400K, reserved 1110016K
  class space    used 8770K, capacity 9398K, committed 9472K, reserved 1048576K
}
Event: 15.838 GC heap after
{Heap after GC invocations=43 (full 0):
 garbage-first heap   total 168960K, used 81174K [0x0000000080000000, 0x0000000100000000)
  region size 1024K, 6 young (6144K), 6 survivors (6144K)
 Metaspace       used 68502K, capacity 70205K, committed 70400K, reserved 1110016K
  class space    used 8770K, capacity 9398K, committed 9472K, reserved 1048576K
}
Event: 16.602 GC heap before
{Heap before GC invocations=43 (full 0):
 garbage-first heap   total 168960K, used 125206K [0x0000000080000000, 0x0000000100000000)
  region size 1024K, 50 young (51200K), 6 survivors (6144K)
 Metaspace       used 71984K, capacity 73866K, committed 74240K, reserved 1114112K
  class space    used 9206K, capacity 9865K, committed 9984K, reserved 1048576K
}
Event: 16.611 GC heap after
{Heap after GC invocations=44 (full 0):
 garbage-first heap   total 168960K, used 83615K [0x0000000080000000, 0x0000000100000000)
  region size 1024K, 6 young (6144K), 6 survivors (6144K)
 Metaspace       used 71984K, capacity 73866K, committed 74240K, reserved 1114112K
  class space    used 9206K, capacity 9865K, committed 9984K, reserved 1048576K
}
Event: 16.681 GC heap before
{Heap before GC invocations=44 (full 0):
 garbage-first heap   total 168960K, used 86687K [0x0000000080000000, 0x0000000100000000)
  region size 1024K, 10 young (10240K), 6 survivors (6144K)
 Metaspace       used 72295K, capacity 74166K, committed 74496K, reserved 1114112K
  class space    used 9247K, capacity 9900K, committed 9984K, reserved 1048576K
}
Event: 16.687 GC heap after
{Heap after GC invocations=45 (full 0):
 garbage-first heap   total 168960K, used 84323K [0x0000000080000000, 0x0000000100000000)
  region size 1024K, 4 young (4096K), 4 survivors (4096K)
 Metaspace       used 72295K, capacity 74166K, committed 74496K, reserved 1114112K
  class space    used 9247K, capacity 9900K, committed 9984K, reserved 1048576K
}
Event: 17.220 GC heap before
{Heap before GC invocations=46 (full 0):
 garbage-first heap   total 168960K, used 120163K [0x0000000080000000, 0x0000000100000000)
  region size 1024K, 39 young (39936K), 4 survivors (4096K)
 Metaspace       used 73294K, capacity 75324K, committed 75392K, reserved 1114112K
  class space    used 9388K, capacity 10109K, committed 10112K, reserved 1048576K
}
Event: 17.227 GC heap after
{Heap after GC invocations=47 (full 0):
 garbage-first heap   total 168960K, used 86689K [0x0000000080000000, 0x0000000100000000)
  region size 1024K, 3 young (3072K), 3 survivors (3072K)
 Metaspace       used 73294K, capacity 75324K, committed 75392K, reserved 1114112K
  class space    used 9388K, capacity 10109K, committed 10112K, reserved 1048576K
}
Event: 17.800 GC heap before
{Heap before GC invocations=47 (full 0):
 garbage-first heap   total 168960K, used 124577K [0x0000000080000000, 0x0000000100000000)
  region size 1024K, 40 young (40960K), 3 survivors (3072K)
 Metaspace       used 76956K, capacity 78973K, committed 79104K, reserved 1118208K
  class space    used 10024K, capacity 10728K, committed 10752K, reserved 1048576K
}
Event: 17.814 GC heap after
{Heap after GC invocations=48 (full 0):
 garbage-first heap   total 168960K, used 89091K [0x0000000080000000, 0x0000000100000000)
  region size 1024K, 5 young (5120K), 5 survivors (5120K)
 Metaspace       used 76956K, capacity 78973K, committed 79104K, reserved 1118208K
  class space    used 10024K, capacity 10728K, committed 10752K, reserved 1048576K
}
Event: 18.526 GC heap before
{Heap before GC invocations=49 (full 0):
 garbage-first heap   total 168960K, used 118787K [0x0000000080000000, 0x0000000100000000)
  region size 1024K, 35 young (35840K), 5 survivors (5120K)
 Metaspace       used 80020K, capacity 82141K, committed 82432K, reserved 1120256K
  class space    used 10434K, capacity 11174K, committed 11264K, reserved 1048576K
}
Event: 18.534 GC heap after
{Heap after GC invocations=50 (full 0):
 garbage-first heap   total 168960K, used 91609K [0x0000000080000000, 0x0000000100000000)
  region size 1024K, 5 young (5120K), 5 survivors (5120K)
 Metaspace       used 80020K, capacity 82141K, committed 82432K, reserved 1120256K
  class space    used 10434K, capacity 11174K, committed 11264K, reserved 1048576K
}
Event: 19.550 GC heap before
{Heap before GC invocations=51 (full 0):
 garbage-first heap   total 168960K, used 138713K [0x0000000080000000, 0x0000000100000000)
  region size 1024K, 42 young (43008K), 5 survivors (5120K)
 Metaspace       used 81863K, capacity 84189K, committed 84352K, reserved 1122304K
  class space    used 10712K, capacity 11547K, committed 11648K, reserved 1048576K
}
Event: 19.568 GC heap after
{Heap after GC invocations=52 (full 0):
 garbage-first heap   total 202752K, used 106496K [0x0000000080000000, 0x0000000100000000)
  region size 1024K, 6 young (6144K), 6 survivors (6144K)
 Metaspace       used 81863K, capacity 84189K, committed 84352K, reserved 1122304K
  class space    used 10712K, capacity 11547K, committed 11648K, reserved 1048576K
}
Event: 19.788 GC heap before
{Heap before GC invocations=52 (full 0):
 garbage-first heap   total 202752K, used 122880K [0x0000000080000000, 0x0000000100000000)
  region size 1024K, 23 young (23552K), 6 survivors (6144K)
 Metaspace       used 83504K, capacity 85925K, committed 86144K, reserved 1124352K
  class space    used 10903K, capacity 11778K, committed 11904K, reserved 1048576K
}
Event: 19.795 GC heap after
{Heap after GC invocations=53 (full 0):
 garbage-first heap   total 202752K, used 108475K [0x0000000080000000, 0x0000000100000000)
  region size 1024K, 2 young (2048K), 2 survivors (2048K)
 Metaspace       used 83504K, capacity 85925K, committed 86144K, reserved 1124352K
  class space    used 10903K, capacity 11778K, committed 11904K, reserved 1048576K
}
Event: 20.749 GC heap before
{Heap before GC invocations=54 (full 0):
 garbage-first heap   total 202752K, used 148411K [0x0000000080000000, 0x0000000100000000)
  region size 1024K, 40 young (40960K), 2 survivors (2048K)
 Metaspace       used 88064K, capacity 90346K, committed 90496K, reserved 1128448K
  class space    used 11486K, capacity 12304K, committed 12416K, reserved 1048576K
}
Event: 20.753 GC heap after
{Heap after GC invocations=55 (full 0):
 garbage-first heap   total 202752K, used 109146K [0x0000000080000000, 0x0000000100000000)
  region size 1024K, 2 young (2048K), 2 survivors (2048K)
 Metaspace       used 88064K, capacity 90346K, committed 90496K, reserved 1128448K
  class space    used 11486K, capacity 12304K, committed 12416K, reserved 1048576K
}

